\BOOKMARK [0][-]{chapter*.2}{Introduction}{}% 1
\BOOKMARK [0][-]{chapter.1}{The Framework}{}% 2
\BOOKMARK [1][-]{section.1.1}{Pre-Quantum Diffie Hellman}{chapter.1}% 3
\BOOKMARK [1][-]{section.1.2}{The Quantum Threat}{chapter.1}% 4
\BOOKMARK [1][-]{section.1.3}{Quantum and Post-Quantum Cryptography}{chapter.1}% 5
\BOOKMARK [1][-]{section.1.4}{Post-Quantum Cryptography Standardization}{chapter.1}% 6
\BOOKMARK [0][-]{chapter.2}{Elliptic Curves}{}% 7
\BOOKMARK [1][-]{section.2.1}{Elementary Results}{chapter.2}% 8
\BOOKMARK [1][-]{section.2.2}{Maps Between Elliptic Curves}{chapter.2}% 9
\BOOKMARK [1][-]{section.2.3}{Nontrivial Results}{chapter.2}% 10
\BOOKMARK [0][-]{chapter.3}{Isogeny Graphs}{}% 11
\BOOKMARK [1][-]{section.3.1}{Complex Multiplication}{chapter.3}% 12
\BOOKMARK [1][-]{section.3.2}{Quaternionic Multiplication}{chapter.3}% 13
\BOOKMARK [1][-]{section.3.3}{Graphs}{chapter.3}% 14
\BOOKMARK [1][-]{section.3.4}{\233-Isogeny Graphs}{chapter.3}% 15
\BOOKMARK [2][-]{subsection.3.4.1}{`39`42`"613A``45`47`"603AEnd\(E\) .5-.5.5-.5.5-.5.5-.5Z}{section.3.4}% 16
\BOOKMARK [2][-]{subsection.3.4.2}{`39`42`"613A``45`47`"603AEnd\(E\) .5-.5.5-.5.5-.5.5-.5OQ\(-d\)}{section.3.4}% 17
\BOOKMARK [2][-]{subsection.3.4.3}{`39`42`"613A``45`47`"603AEnd\(E\) .5-.5.5-.5.5-.5.5-.5OBp,}{section.3.4}% 18
\BOOKMARK [0][-]{chapter.4}{Isogeny-Based Cryptography}{}% 19
\BOOKMARK [1][-]{section.4.1}{CRS}{chapter.4}% 20
\BOOKMARK [2][-]{subsection.4.1.1}{Homogeneous Spaces}{section.4.1}% 21
\BOOKMARK [2][-]{subsection.4.1.2}{The Protocol}{section.4.1}% 22
\BOOKMARK [2][-]{subsection.4.1.3}{Security}{section.4.1}% 23
\BOOKMARK [1][-]{section.4.2}{SIDH}{chapter.4}% 24
\BOOKMARK [2][-]{subsection.4.2.1}{The Protocol}{section.4.2}% 25
\BOOKMARK [2][-]{subsection.4.2.2}{Security}{section.4.2}% 26
\BOOKMARK [1][-]{section.4.3}{CSIDH}{chapter.4}% 27
\BOOKMARK [2][-]{subsection.4.3.1}{The Protocol}{section.4.3}% 28
\BOOKMARK [2][-]{subsection.4.3.2}{Design Choices}{section.4.3}% 29
\BOOKMARK [2][-]{subsection.4.3.3}{Public-Key Validation}{section.4.3}% 30
\BOOKMARK [2][-]{subsection.4.3.4}{Security}{section.4.3}% 31
\BOOKMARK [2][-]{subsection.4.3.5}{Implementation}{section.4.3}% 32
\BOOKMARK [2][-]{subsection.4.3.6}{Conclusions}{section.4.3}% 33
\BOOKMARK [0][-]{appendix.A}{Quantum Computing}{}% 34
\BOOKMARK [1][-]{section.A.1}{Qubit}{appendix.A}% 35
\BOOKMARK [1][-]{section.A.2}{Quantum Gates}{appendix.A}% 36
\BOOKMARK [1][-]{section.A.3}{Quantum Algorithms}{appendix.A}% 37
\BOOKMARK [0][-]{Item.30}{Bibliography}{}% 38
